Using pre-set license
Built from '2020.3/staging' branch; Version is '2020.3.5f1 (8095aa901b9b) revision 8426922'; Using compiler version '192528614'; Build Type 'Release'
OS: 'Windows 10 Pro; OS build 19043.1348; Version 2009; 64bit' Language: 'en' Physical Memory: 8092 MB
BatchMode: 1, IsHumanControllingUs: 0, StartBugReporterOnCrash: 0, Is64bit: 1, IsPro: 0

 COMMAND LINE ARGUMENTS:
E:\unity\unity_2020\Unity\Editor\Unity.exe
-adb2
-batchMode
-noUpm
-name
AssetImportWorker0
-projectPath
E:/unity/Castle-RPG/Dream-RPG
-logFile
Logs/AssetImportWorker0.log
-srvPort
56729
Successfully changed project path to: E:/unity/Castle-RPG/Dream-RPG
E:/unity/Castle-RPG/Dream-RPG
Using Asset Import Pipeline V2.
Refreshing native plugins compatible for Editor in 104.45 ms, found 2 plugins.
Preloading 0 native plugins for Editor in 0.00 ms.
Initialize engine version: 2020.3.5f1 (8095aa901b9b)
[Subsystems] Discovering subsystems at path E:/unity/unity_2020/Unity/Editor/Data/Resources/UnitySubsystems
[Subsystems] Discovering subsystems at path E:/unity/Castle-RPG/Dream-RPG/Assets
GfxDevice: creating device client; threaded=0
Direct3D:
    Version:  Direct3D 11.0 [level 11.0]
    Renderer: NVIDIA GeForce 920MX (ID=0x134f)
    Vendor:   
    VRAM:     2020 MB
    Driver:   22.21.13.8264
Initialize mono
Mono path[0] = 'E:/unity/unity_2020/Unity/Editor/Data/Managed'
Mono path[1] = 'E:/unity/unity_2020/Unity/Editor/Data/MonoBleedingEdge/lib/mono/unityjit'
Mono config path = 'E:/unity/unity_2020/Unity/Editor/Data/MonoBleedingEdge/etc'
Using monoOptions --debugger-agent=transport=dt_socket,embedding=1,server=y,suspend=n,address=127.0.0.1:56016
Begin MonoManager ReloadAssembly
Registering precompiled unity dll's ...
Register platform support module: E:/unity/unity_2020/Unity/Editor/Data/PlaybackEngines/WindowsStandaloneSupport/UnityEditor.WindowsStandalone.Extensions.dll
Registered in 0.004074 seconds.
Native extension for WindowsStandalone target not found
Refreshing native plugins compatible for Editor in 100.75 ms, found 2 plugins.
Preloading 0 native plugins for Editor in 0.00 ms.
Failed to load 'ProjectSettings/PackageManagerSettings.asset'. File may be corrupted or was serialized with a newer version of Unity.
UnityEngine.StackTraceUtility:ExtractStackTrace ()
UnityEditor.ScriptableSingleton`1<UnityEditor.PackageManager.UI.PackageManagerProjectSettings>:CreateAndLoad ()
UnityEditor.ScriptableSingleton`1<UnityEditor.PackageManager.UI.PackageManagerProjectSettings>:get_instance ()
UnityEditor.PackageManager.UI.PackageManagerProjectSettingsProxy:OnEnable ()
UnityEditor.PackageManager.UI.ServicesContainer:OnEnable ()
UnityEngine.ScriptableObject:CreateInstance (System.Type)
UnityEngine.ScriptableObject:CreateInstance<UnityEditor.PackageManager.UI.ServicesContainer> ()
UnityEditor.ScriptableSingleton`1<UnityEditor.PackageManager.UI.ServicesContainer>:CreateAndLoad ()
UnityEditor.ScriptableSingleton`1<UnityEditor.PackageManager.UI.ServicesContainer>:get_instance ()
UnityEditor.PackageManager.UI.ScopedRegistryAddedPopup:SubscribeToRegistriesAdded ()

[ line 0]

Mono: successfully reloaded assembly
- Completed reload, in  6.939 seconds
Platform modules already initialized, skipping
Registering precompiled user dll's ...
Registered in 0.486910 seconds.
JSON parse error: Invalid value. (Assets/others/BOXOPHOBIC/Utils/Editor/Boxophobic.Utils.Editor.asmdef)

JSON parse error: Invalid value. (Assets/others/BOXOPHOBIC/Skybox Cubemap Extended/Core/Editor/Boxophobic.SkyboxCubemapExtended.Editor.asmdef)

JSON parse error: Invalid value. (Assets/Lean/Pool/LeanPool.asmdef)

JSON parse error: Invalid value. (Assets/others/BOXOPHOBIC/Utils/Scripts/Boxophobic.Utils.Scripts.asmdef)

JSON parse error: Invalid value. (Assets/Lean/Common/LeanCommon.asmdef)

JSON parse error: Invalid value. (Assets/others/BOXOPHOBIC/Utils/Editor/Boxophobic.Utils.Editor.asmdef)

JSON parse error: Invalid value. (Assets/others/BOXOPHOBIC/Skybox Cubemap Extended/Core/Editor/Boxophobic.SkyboxCubemapExtended.Editor.asmdef)

JSON parse error: Invalid value. (Assets/Lean/Pool/LeanPool.asmdef)

JSON parse error: Invalid value. (Assets/others/BOXOPHOBIC/Utils/Scripts/Boxophobic.Utils.Scripts.asmdef)

JSON parse error: Invalid value. (Assets/Lean/Common/LeanCommon.asmdef)

Begin MonoManager ReloadAssembly
Native extension for WindowsStandalone target not found
Refreshing native plugins compatible for Editor in 165.18 ms, found 2 plugins.
Preloading 0 native plugins for Editor in 0.00 ms.
JSON parse error: Invalid value. (Assets/others/BOXOPHOBIC/Utils/Editor/Boxophobic.Utils.Editor.asmdef)

JSON parse error: Invalid value. (Assets/others/BOXOPHOBIC/Skybox Cubemap Extended/Core/Editor/Boxophobic.SkyboxCubemapExtended.Editor.asmdef)

JSON parse error: Invalid value. (Assets/Lean/Pool/LeanPool.asmdef)

JSON parse error: Invalid value. (Assets/others/BOXOPHOBIC/Utils/Scripts/Boxophobic.Utils.Scripts.asmdef)

JSON parse error: Invalid value. (Assets/Lean/Common/LeanCommon.asmdef)

Refreshing native plugins compatible for Editor in 1.04 ms, found 2 plugins.
Mono: successfully reloaded assembly
- Completed reload, in  4.485 seconds
Platform modules already initialized, skipping
========================================================================
Worker process is ready to serve import requests
Launched and connected shader compiler UnityShaderCompiler.exe after 0.11 seconds
Refreshing native plugins compatible for Editor in 1.92 ms, found 2 plugins.
Preloading 0 native plugins for Editor in 0.00 ms.
Unloading 2167 Unused Serialized files (Serialized files now loaded: 0)
System memory in use before: 143.3 MB.
System memory in use after: 143.4 MB.

Unloading 37 unused Assets to reduce memory usage. Loaded Objects now: 2679.
Total: 7.159600 ms (FindLiveObjects: 0.997100 ms CreateObjectMapping: 0.485900 ms MarkObjects: 4.985900 ms  DeleteObjects: 0.687900 ms)

========================================================================
Received Import Request.
  path: Assets/others/Joystick Pack/Prefabs
  artifactKey: Guid(d41e4075f56d1e1438b3af3673ec6081) Importer(815301076,1909f56bfc062723c751e8b465ee728b)
Start importing Assets/others/Joystick Pack/Prefabs using Guid(d41e4075f56d1e1438b3af3673ec6081) Importer(815301076,1909f56bfc062723c751e8b465ee728b)  -> (artifact id: '1836b2e1a7084fbf881bc252a8df6e50') in 0.037606 seconds
  Import took 0.058392 seconds .

========================================================================
Received Import Request.
  Time since last request: 0.000596 seconds.
  path: Assets/others/Joystick Pack
  artifactKey: Guid(02c14eba40d133342ae8885fb9a7f157) Importer(815301076,1909f56bfc062723c751e8b465ee728b)
Start importing Assets/others/Joystick Pack using Guid(02c14eba40d133342ae8885fb9a7f157) Importer(815301076,1909f56bfc062723c751e8b465ee728b)  -> (artifact id: '1fe18f8cff9d69f5453cfe91c3c8b242') in 0.019486 seconds
  Import took 0.029357 seconds .

========================================================================
Received Import Request.
  Time since last request: 0.000317 seconds.
  path: Assets/others/Joystick Pack/Sprites
  artifactKey: Guid(f36f8459cb8c3fd44ba4390ba9652af8) Importer(815301076,1909f56bfc062723c751e8b465ee728b)
Start importing Assets/others/Joystick Pack/Sprites using Guid(f36f8459cb8c3fd44ba4390ba9652af8) Importer(815301076,1909f56bfc062723c751e8b465ee728b)  -> (artifact id: 'b1e2484f233085b75a3785145f603318') in 0.022087 seconds
  Import took 0.032126 seconds .

========================================================================
Received Import Request.
  Time since last request: 31.199973 seconds.
  path: Assets/Animatons/Basic-movements
  artifactKey: Guid(ee3e646abfcead54a8ca72c5ea33a5a3) Importer(815301076,1909f56bfc062723c751e8b465ee728b)
Start importing Assets/Animatons/Basic-movements using Guid(ee3e646abfcead54a8ca72c5ea33a5a3) Importer(815301076,1909f56bfc062723c751e8b465ee728b)  -> (artifact id: '208f0f166855e2c795a0ec417d9fe9ae') in 0.061146 seconds
  Import took 0.072540 seconds .

========================================================================
Received Import Request.
  Time since last request: 4.011918 seconds.
  path: Assets/Animatons/bow-arrow-attack
  artifactKey: Guid(32260d8d1965fce4f8227fc66c0c18aa) Importer(815301076,1909f56bfc062723c751e8b465ee728b)
Start importing Assets/Animatons/bow-arrow-attack using Guid(32260d8d1965fce4f8227fc66c0c18aa) Importer(815301076,1909f56bfc062723c751e8b465ee728b)  -> (artifact id: '04448c054cf6af05299065f92b288aed') in 0.028344 seconds
  Import took 0.039436 seconds .

========================================================================
Received Import Request.
  Time since last request: 4.033864 seconds.
  path: Assets/Animatons
  artifactKey: Guid(fe79889e7c789624f9fbe112f591b52e) Importer(815301076,1909f56bfc062723c751e8b465ee728b)
Start importing Assets/Animatons using Guid(fe79889e7c789624f9fbe112f591b52e) Importer(815301076,1909f56bfc062723c751e8b465ee728b)  -> (artifact id: '30dc5c70c963e28ecccd54cacdb0e97b') in 0.014918 seconds
  Import took 0.022503 seconds .

========================================================================
Received Import Request.
  Time since last request: 529.844891 seconds.
  path: Assets/others/BOXOPHOBIC/Utils/Scripts/Boxophobic.Utils.Scripts.asmdef
  artifactKey: Guid(825ad574da7360d4e8aea558f272972e) Importer(815301076,1909f56bfc062723c751e8b465ee728b)
Start importing Assets/others/BOXOPHOBIC/Utils/Scripts/Boxophobic.Utils.Scripts.asmdef using Guid(825ad574da7360d4e8aea558f272972e) Importer(815301076,1909f56bfc062723c751e8b465ee728b)  -> (artifact id: 'e8c914dcd4f6074857729acce45b77bc') in 0.105865 seconds
  Import took 0.115151 seconds .

========================================================================
Received Import Request.
  Time since last request: 0.000433 seconds.
  path: Assets/others/BOXOPHOBIC/Utils/Scripts/Boxophobic.Utils.Scripts.asmdef
  artifactKey: Guid(825ad574da7360d4e8aea558f272972e) Importer(815301076,1909f56bfc062723c751e8b465ee728b)
Start importing Assets/others/BOXOPHOBIC/Utils/Scripts/Boxophobic.Utils.Scripts.asmdef using Guid(825ad574da7360d4e8aea558f272972e) Importer(815301076,1909f56bfc062723c751e8b465ee728b)  -> (artifact id: 'e8c914dcd4f6074857729acce45b77bc') in 0.005577 seconds
  Import took 0.014488 seconds .

========================================================================
Received Import Request.
  Time since last request: 5.572079 seconds.
  path: Assets/others/BOXOPHOBIC/Skybox Cubemap Extended/Demo
  artifactKey: Guid(de9e928d9c90c1d43a73ded89b05d1cd) Importer(815301076,1909f56bfc062723c751e8b465ee728b)
Start importing Assets/others/BOXOPHOBIC/Skybox Cubemap Extended/Demo using Guid(de9e928d9c90c1d43a73ded89b05d1cd) Importer(815301076,1909f56bfc062723c751e8b465ee728b)  -> (artifact id: 'ef584326e0a06853d38b3cfd3f2d5621') in 0.019851 seconds
  Import took 0.029372 seconds .

========================================================================
Received Import Request.
  Time since last request: 0.001549 seconds.
  path: Assets/others/BOXOPHOBIC/Skybox Cubemap Extended/Demo
  artifactKey: Guid(de9e928d9c90c1d43a73ded89b05d1cd) Importer(815301076,1909f56bfc062723c751e8b465ee728b)
Start importing Assets/others/BOXOPHOBIC/Skybox Cubemap Extended/Demo using Guid(de9e928d9c90c1d43a73ded89b05d1cd) Importer(815301076,1909f56bfc062723c751e8b465ee728b)  -> (artifact id: 'ef584326e0a06853d38b3cfd3f2d5621') in 0.008777 seconds
  Import took 0.018929 seconds .

========================================================================
Received Import Request.
  Time since last request: 5.685117 seconds.
  path: Assets/others/BOXOPHOBIC/Skybox Cubemap Extended/Demo/Textures
  artifactKey: Guid(622c850911a24ab4c87b6b1cbb58ba1d) Importer(815301076,1909f56bfc062723c751e8b465ee728b)
Start importing Assets/others/BOXOPHOBIC/Skybox Cubemap Extended/Demo/Textures using Guid(622c850911a24ab4c87b6b1cbb58ba1d) Importer(815301076,1909f56bfc062723c751e8b465ee728b)  -> (artifact id: '1e30860d3faa26b6782554374b35a853') in 0.013723 seconds
  Import took 0.021330 seconds .

========================================================================
Received Import Request.
  Time since last request: 0.087529 seconds.
  path: Assets/others/BOXOPHOBIC/Skybox Cubemap Extended/Demo/Textures/Polyverse Skies - Blue Sky.png
  artifactKey: Guid(beb1457d375110e468b8d8e1f29fccea) Importer(815301076,1909f56bfc062723c751e8b465ee728b)
Start importing Assets/others/BOXOPHOBIC/Skybox Cubemap Extended/Demo/Textures/Polyverse Skies - Blue Sky.png using Guid(beb1457d375110e468b8d8e1f29fccea) Importer(815301076,1909f56bfc062723c751e8b465ee728b)  -> (artifact id: '533028290e6677ecf68d1e3bf271682a') in 0.125909 seconds
  Import took 0.134658 seconds .

========================================================================
Received Import Request.
  Time since last request: 0.000320 seconds.
  path: Assets/others/BOXOPHOBIC/Skybox Cubemap Extended/Demo/Textures/Polyverse Skies - Night Sky.exr
  artifactKey: Guid(fa41734a337674542975482c8fe96ea1) Importer(815301076,1909f56bfc062723c751e8b465ee728b)
Start importing Assets/others/BOXOPHOBIC/Skybox Cubemap Extended/Demo/Textures/Polyverse Skies - Night Sky.exr using Guid(fa41734a337674542975482c8fe96ea1) Importer(815301076,1909f56bfc062723c751e8b465ee728b)  -> (artifact id: 'd456f773b17a3f6c5bad915548fc1095') in 0.110477 seconds
  Import took 0.118519 seconds .

========================================================================
Received Import Request.
  Time since last request: 2.697464 seconds.
  path: Assets/others/BOXOPHOBIC/Skybox Cubemap Extended/Core
  artifactKey: Guid(18556335e32be764885bcf0a6824be6d) Importer(815301076,1909f56bfc062723c751e8b465ee728b)
Start importing Assets/others/BOXOPHOBIC/Skybox Cubemap Extended/Core using Guid(18556335e32be764885bcf0a6824be6d) Importer(815301076,1909f56bfc062723c751e8b465ee728b)  -> (artifact id: 'ffe5dbcfe722279f4d9de3da9d1fc110') in 0.011696 seconds
  Import took 0.019484 seconds .

========================================================================
Received Import Request.
  Time since last request: 5.914956 seconds.
  path: Assets/others/BOXOPHOBIC/Skybox Cubemap Extended/Demo/Materials
  artifactKey: Guid(f5f2b39f73ab79f42a2dd2ccadae1581) Importer(815301076,1909f56bfc062723c751e8b465ee728b)
Start importing Assets/others/BOXOPHOBIC/Skybox Cubemap Extended/Demo/Materials using Guid(f5f2b39f73ab79f42a2dd2ccadae1581) Importer(815301076,1909f56bfc062723c751e8b465ee728b)  -> (artifact id: 'f28f5c1af3c387ae115b1e57546db76c') in 0.013048 seconds
  Import took 0.020901 seconds .

========================================================================
Received Import Request.
  Time since last request: 0.097598 seconds.
  path: Assets/others/BOXOPHOBIC/Skybox Cubemap Extended/Demo/Materials/LowPoly - FirTree.mat
  artifactKey: Guid(138b35dd321622a4d93635b532ae8b8e) Importer(815301076,1909f56bfc062723c751e8b465ee728b)
Start importing Assets/others/BOXOPHOBIC/Skybox Cubemap Extended/Demo/Materials/LowPoly - FirTree.mat using Guid(138b35dd321622a4d93635b532ae8b8e) Importer(815301076,1909f56bfc062723c751e8b465ee728b)  -> (artifact id: '4617c78c1958ba1e76ddb2cfcdd6b634') in 0.123279 seconds
  Import took 0.130539 seconds .

========================================================================
Received Import Request.
  Time since last request: 0.000353 seconds.
  path: Assets/others/BOXOPHOBIC/Skybox Cubemap Extended/Demo/Materials/LowPoly - Terrain.mat
  artifactKey: Guid(2557d3f1d341fdb4e9d53179c053ffd5) Importer(815301076,1909f56bfc062723c751e8b465ee728b)
Start importing Assets/others/BOXOPHOBIC/Skybox Cubemap Extended/Demo/Materials/LowPoly - Terrain.mat using Guid(2557d3f1d341fdb4e9d53179c053ffd5) Importer(815301076,1909f56bfc062723c751e8b465ee728b)  -> (artifact id: 'dbc7be7bf417b9555bf5f96385a22ccd') in 0.038082 seconds
  Import took 0.045578 seconds .

========================================================================
Received Import Request.
  Time since last request: 0.000338 seconds.
  path: Assets/others/BOXOPHOBIC/Skybox Cubemap Extended/Demo/Materials/Skybox Cubemap Extended Night.mat
  artifactKey: Guid(cc421da483ed06c49933077a621bff25) Importer(815301076,1909f56bfc062723c751e8b465ee728b)
Start importing Assets/others/BOXOPHOBIC/Skybox Cubemap Extended/Demo/Materials/Skybox Cubemap Extended Night.mat using Guid(cc421da483ed06c49933077a621bff25) Importer(815301076,1909f56bfc062723c751e8b465ee728b)  -> (artifact id: 'f31503d70e3b5d58a4e5261caf9fec5e') in 0.057931 seconds
  Import took 0.065700 seconds .

========================================================================
Received Import Request.
  Time since last request: 0.000333 seconds.
  path: Assets/others/BOXOPHOBIC/Skybox Cubemap Extended/Demo/Materials/LowPoly - Rock.mat
  artifactKey: Guid(37524ae4594222f4f8acd7b76234f79a) Importer(815301076,1909f56bfc062723c751e8b465ee728b)
Start importing Assets/others/BOXOPHOBIC/Skybox Cubemap Extended/Demo/Materials/LowPoly - Rock.mat using Guid(37524ae4594222f4f8acd7b76234f79a) Importer(815301076,1909f56bfc062723c751e8b465ee728b)  -> (artifact id: '71483f25c048478fa5ef8289ed35a384') in 0.039424 seconds
  Import took 0.047960 seconds .

========================================================================
Received Import Request.
  Time since last request: 0.000343 seconds.
  path: Assets/others/BOXOPHOBIC/Skybox Cubemap Extended/Demo/Materials/LowPoly - TreeTrunk.mat
  artifactKey: Guid(2a8f9a878cb7cff45b00339938d945ce) Importer(815301076,1909f56bfc062723c751e8b465ee728b)
Start importing Assets/others/BOXOPHOBIC/Skybox Cubemap Extended/Demo/Materials/LowPoly - TreeTrunk.mat using Guid(2a8f9a878cb7cff45b00339938d945ce) Importer(815301076,1909f56bfc062723c751e8b465ee728b)  -> (artifact id: '90b028767ba3d12694992c345123a1ae') in 0.042239 seconds
  Import took 0.049696 seconds .

========================================================================
Received Import Request.
  Time since last request: 0.000329 seconds.
  path: Assets/others/BOXOPHOBIC/Skybox Cubemap Extended/Demo/Materials/LowPoly - Grass.mat
  artifactKey: Guid(6fc6652ed834922468cdd63bb95f7fe2) Importer(815301076,1909f56bfc062723c751e8b465ee728b)
Start importing Assets/others/BOXOPHOBIC/Skybox Cubemap Extended/Demo/Materials/LowPoly - Grass.mat using Guid(6fc6652ed834922468cdd63bb95f7fe2) Importer(815301076,1909f56bfc062723c751e8b465ee728b)  -> (artifact id: '2e3277c49f2c309b68367bb8ad7bbc0e') in 0.050264 seconds
  Import took 0.057778 seconds .

========================================================================
Received Import Request.
  Time since last request: 0.000321 seconds.
  path: Assets/others/BOXOPHOBIC/Skybox Cubemap Extended/Demo/Materials/Skybox Cubemap Extended Blend.mat
  artifactKey: Guid(1cf6f4c6e6e0518419839d3f5448dd99) Importer(815301076,1909f56bfc062723c751e8b465ee728b)
Start importing Assets/others/BOXOPHOBIC/Skybox Cubemap Extended/Demo/Materials/Skybox Cubemap Extended Blend.mat using Guid(1cf6f4c6e6e0518419839d3f5448dd99) Importer(815301076,1909f56bfc062723c751e8b465ee728b)  -> (artifact id: '84aca3a0a79f5564d162e55993f6fcf3') in 0.056625 seconds
  Import took 0.064926 seconds .

========================================================================
Received Import Request.
  Time since last request: 0.000345 seconds.
  path: Assets/others/BOXOPHOBIC/Skybox Cubemap Extended/Demo/Materials/LowPoly - FirTreeVariation.mat
  artifactKey: Guid(0f74119e82d3b3a4d9b2842dbaa2a6ee) Importer(815301076,1909f56bfc062723c751e8b465ee728b)
Start importing Assets/others/BOXOPHOBIC/Skybox Cubemap Extended/Demo/Materials/LowPoly - FirTreeVariation.mat using Guid(0f74119e82d3b3a4d9b2842dbaa2a6ee) Importer(815301076,1909f56bfc062723c751e8b465ee728b)  -> (artifact id: '845fcfd885a477dcf7bd9ed8d005dc7e') in 0.035381 seconds
  Import took 0.043370 seconds .

========================================================================
Received Import Request.
  Time since last request: 0.000314 seconds.
  path: Assets/others/BOXOPHOBIC/Skybox Cubemap Extended/Demo/Materials/Skybox Cubemap Extended Day.mat
  artifactKey: Guid(2bd8959f5fbd3644aa33af1a155fc147) Importer(815301076,1909f56bfc062723c751e8b465ee728b)
Start importing Assets/others/BOXOPHOBIC/Skybox Cubemap Extended/Demo/Materials/Skybox Cubemap Extended Day.mat using Guid(2bd8959f5fbd3644aa33af1a155fc147) Importer(815301076,1909f56bfc062723c751e8b465ee728b)  -> (artifact id: '9152b0da781eddb99b2d1edda4016963') in 0.047604 seconds
  Import took 0.054427 seconds .

========================================================================
Received Import Request.
  Time since last request: 0.000342 seconds.
  path: Assets/others/BOXOPHOBIC/Skybox Cubemap Extended/Demo/Materials/LowPoly - Wood.mat
  artifactKey: Guid(ff059fc016fcf8d4a88162b27e334cba) Importer(815301076,1909f56bfc062723c751e8b465ee728b)
Start importing Assets/others/BOXOPHOBIC/Skybox Cubemap Extended/Demo/Materials/LowPoly - Wood.mat using Guid(ff059fc016fcf8d4a88162b27e334cba) Importer(815301076,1909f56bfc062723c751e8b465ee728b)  -> (artifact id: '2c8bb80ffb575bf1a31e2d4afa7f916a') in 0.040398 seconds
  Import took 0.047483 seconds .

========================================================================
Received Import Request.
  Time since last request: 7.532030 seconds.
  path: Assets/others/BOXOPHOBIC/Utils/Editor/Boxophobic.Utils.Editor.asmdef
  artifactKey: Guid(10f1dd4cfd6afb54da274d7d818bd8f6) Importer(815301076,1909f56bfc062723c751e8b465ee728b)
Start importing Assets/others/BOXOPHOBIC/Utils/Editor/Boxophobic.Utils.Editor.asmdef using Guid(10f1dd4cfd6afb54da274d7d818bd8f6) Importer(815301076,1909f56bfc062723c751e8b465ee728b)  -> (artifact id: '452aed7ba19de95346b1d85e4897603b') in 0.010870 seconds
  Import took 0.019038 seconds .

