Using pre-set license
Built from '2020.3/staging' branch; Version is '2020.3.5f1 (8095aa901b9b) revision 8426922'; Using compiler version '192528614'; Build Type 'Release'
OS: 'Windows 10 Pro; OS build 19043.1348; Version 2009; 64bit' Language: 'en' Physical Memory: 8092 MB
BatchMode: 1, IsHumanControllingUs: 0, StartBugReporterOnCrash: 0, Is64bit: 1, IsPro: 0

 COMMAND LINE ARGUMENTS:
E:\unity\unity_2020\Unity\Editor\Unity.exe
-adb2
-batchMode
-noUpm
-name
AssetImportWorker2
-projectPath
E:/unity/Castle-RPG/Dream-RPG
-logFile
Logs/AssetImportWorker2.log
-srvPort
57215
Successfully changed project path to: E:/unity/Castle-RPG/Dream-RPG
E:/unity/Castle-RPG/Dream-RPG
Using Asset Import Pipeline V2.
Refreshing native plugins compatible for Editor in 101.41 ms, found 2 plugins.
Preloading 0 native plugins for Editor in 0.00 ms.
Initialize engine version: 2020.3.5f1 (8095aa901b9b)
[Subsystems] Discovering subsystems at path E:/unity/unity_2020/Unity/Editor/Data/Resources/UnitySubsystems
[Subsystems] Discovering subsystems at path E:/unity/Castle-RPG/Dream-RPG/Assets
GfxDevice: creating device client; threaded=0
Direct3D:
    Version:  Direct3D 11.0 [level 11.0]
    Renderer: NVIDIA GeForce 920MX (ID=0x134f)
    Vendor:   
    VRAM:     2020 MB
    Driver:   22.21.13.8264
Initialize mono
Mono path[0] = 'E:/unity/unity_2020/Unity/Editor/Data/Managed'
Mono path[1] = 'E:/unity/unity_2020/Unity/Editor/Data/MonoBleedingEdge/lib/mono/unityjit'
Mono config path = 'E:/unity/unity_2020/Unity/Editor/Data/MonoBleedingEdge/etc'
Using monoOptions --debugger-agent=transport=dt_socket,embedding=1,server=y,suspend=n,address=127.0.0.1:56088
Begin MonoManager ReloadAssembly
Registering precompiled unity dll's ...
Register platform support module: E:/unity/unity_2020/Unity/Editor/Data/PlaybackEngines/WindowsStandaloneSupport/UnityEditor.WindowsStandalone.Extensions.dll
Registered in 0.002208 seconds.
Native extension for WindowsStandalone target not found
Refreshing native plugins compatible for Editor in 103.00 ms, found 2 plugins.
Preloading 0 native plugins for Editor in 0.00 ms.
Mono: successfully reloaded assembly
- Completed reload, in  3.849 seconds
Platform modules already initialized, skipping
Registering precompiled user dll's ...
Registered in 0.011713 seconds.
Begin MonoManager ReloadAssembly
Native extension for WindowsStandalone target not found
Refreshing native plugins compatible for Editor in 101.22 ms, found 2 plugins.
Preloading 0 native plugins for Editor in 0.00 ms.
Refreshing native plugins compatible for Editor in 0.98 ms, found 2 plugins.
Mono: successfully reloaded assembly
- Completed reload, in  3.374 seconds
Platform modules already initialized, skipping
========================================================================
Worker process is ready to serve import requests
Launched and connected shader compiler UnityShaderCompiler.exe after 0.09 seconds
Refreshing native plugins compatible for Editor in 0.95 ms, found 2 plugins.
Preloading 0 native plugins for Editor in 0.00 ms.
Unloading 2355 Unused Serialized files (Serialized files now loaded: 0)
System memory in use before: 118.1 MB.
System memory in use after: 118.2 MB.

Unloading 36 unused Assets to reduce memory usage. Loaded Objects now: 2820.
Total: 4.247700 ms (FindLiveObjects: 0.693800 ms CreateObjectMapping: 0.296000 ms MarkObjects: 3.116300 ms  DeleteObjects: 0.139300 ms)

========================================================================
Received Import Request.
  path: Assets/Textures/UI
  artifactKey: Guid(b56ce378ca988fd46b67518abc002a40) Importer(815301076,1909f56bfc062723c751e8b465ee728b)
Start importing Assets/Textures/UI using Guid(b56ce378ca988fd46b67518abc002a40) Importer(815301076,1909f56bfc062723c751e8b465ee728b)  -> (artifact id: '99ae2881ba04bf1bf0e2c6784ad6ca2f') in 0.021959 seconds
  Import took 0.029153 seconds .

========================================================================
Received Import Request.
  Time since last request: 13.866921 seconds.
  path: Assets/Textures/UI/crosshair.png
  artifactKey: Guid(09e3f18d84a386547a5576a5984aca5a) Importer(815301076,1909f56bfc062723c751e8b465ee728b)
Start importing Assets/Textures/UI/crosshair.png using Guid(09e3f18d84a386547a5576a5984aca5a) Importer(815301076,1909f56bfc062723c751e8b465ee728b)  -> (artifact id: 'e9e60a28b35058d2f730d919d4712f39') in 0.250754 seconds
  Import took 0.287625 seconds .

========================================================================
Received Import Request.
  Time since last request: 31.970137 seconds.
  path: Assets/Textures/UI/crosshair.png
  artifactKey: Guid(09e3f18d84a386547a5576a5984aca5a) Importer(815301076,1909f56bfc062723c751e8b465ee728b)
Start importing Assets/Textures/UI/crosshair.png using Guid(09e3f18d84a386547a5576a5984aca5a) Importer(815301076,1909f56bfc062723c751e8b465ee728b)  -> (artifact id: '83e0601b9700658a414107a458c33442') in 0.248052 seconds
  Import took 0.258146 seconds .

========================================================================
Received Import Request.
  Time since last request: 154.908517 seconds.
  path: Assets/Textures/UI/crosshair 1.png
  artifactKey: Guid(8e322b7a7432712498e8ecbb19040c78) Importer(815301076,1909f56bfc062723c751e8b465ee728b)
Start importing Assets/Textures/UI/crosshair 1.png using Guid(8e322b7a7432712498e8ecbb19040c78) Importer(815301076,1909f56bfc062723c751e8b465ee728b)  -> (artifact id: 'f35f077184d0c96cc10699ea9d3e6452') in 0.051397 seconds
  Import took 0.102990 seconds .

========================================================================
Received Import Request.
  Time since last request: 18.119791 seconds.
  path: Assets/Textures/UI/crosshair 1.png
  artifactKey: Guid(8e322b7a7432712498e8ecbb19040c78) Importer(815301076,1909f56bfc062723c751e8b465ee728b)
Start importing Assets/Textures/UI/crosshair 1.png using Guid(8e322b7a7432712498e8ecbb19040c78) Importer(815301076,1909f56bfc062723c751e8b465ee728b)  -> (artifact id: '46046d017c668048d66c28e4cd831627') in 0.034085 seconds
  Import took 0.041327 seconds .

========================================================================
Received Import Request.
  Time since last request: 0.008396 seconds.
  path: Assets/Textures/UI/crosshair 1.png
  artifactKey: Guid(8e322b7a7432712498e8ecbb19040c78) Importer(815301076,1909f56bfc062723c751e8b465ee728b)
Start importing Assets/Textures/UI/crosshair 1.png using Guid(8e322b7a7432712498e8ecbb19040c78) Importer(815301076,1909f56bfc062723c751e8b465ee728b)  -> (artifact id: '46046d017c668048d66c28e4cd831627') in 0.030696 seconds
  Import took 0.037489 seconds .

========================================================================
Received Prepare
Registering precompiled user dll's ...
Registered in 0.012039 seconds.
Begin MonoManager ReloadAssembly
Native extension for WindowsStandalone target not found
Refreshing native plugins compatible for Editor in 1.83 ms, found 2 plugins.
Preloading 0 native plugins for Editor in 0.00 ms.
Mono: successfully reloaded assembly
- Completed reload, in  3.128 seconds
Platform modules already initialized, skipping
Switching build target platform(5) subTarget(0) extendedPlatform(0) -> platform(13) subTarget(589828) extendedPlatform(0)
Refreshing native plugins compatible for Editor in 2.06 ms, found 2 plugins.
Preloading 0 native plugins for Editor in 0.00 ms.
Unloading 2285 Unused Serialized files (Serialized files now loaded: 0)
System memory in use before: 114.0 MB.
System memory in use after: 114.2 MB.

Unloading 32 unused Assets to reduce memory usage. Loaded Objects now: 2828.
Total: 5.959000 ms (FindLiveObjects: 0.997900 ms CreateObjectMapping: 0.540900 ms MarkObjects: 4.333200 ms  DeleteObjects: 0.083800 ms)

AssetImportParameters requested are different than current active one (requested -> active):
  custom:graphics/normal-map-encoding: 01000000000000000000000000000000 -> 02000000000000000000000000000000
========================================================================
Received Import Request.
  Time since last request: 273.817713 seconds.
  path: Assets/Textures/UI/crh.png
  artifactKey: Guid(de6064b759f72ea4da3a468628083ccc) Importer(815301076,1909f56bfc062723c751e8b465ee728b)
Start importing Assets/Textures/UI/crh.png using Guid(de6064b759f72ea4da3a468628083ccc) Importer(815301076,1909f56bfc062723c751e8b465ee728b)  -> (artifact id: '47bfb9c19d8ac93b4bbc41b7a5360dd2') in 0.230574 seconds
  Import took 0.248041 seconds .

========================================================================
Received Import Request.
  Time since last request: 21.945937 seconds.
  path: Assets/Textures/UI/crh.png
  artifactKey: Guid(de6064b759f72ea4da3a468628083ccc) Importer(815301076,1909f56bfc062723c751e8b465ee728b)
Start importing Assets/Textures/UI/crh.png using Guid(de6064b759f72ea4da3a468628083ccc) Importer(815301076,1909f56bfc062723c751e8b465ee728b)  -> (artifact id: '5f396504859b48697bda4b30dca3106e') in 0.085275 seconds
  Import took 0.109052 seconds .

========================================================================
Received Import Request.
  Time since last request: 0.013735 seconds.
  path: Assets/Textures/UI/crh.png
  artifactKey: Guid(de6064b759f72ea4da3a468628083ccc) Importer(815301076,1909f56bfc062723c751e8b465ee728b)
Start importing Assets/Textures/UI/crh.png using Guid(de6064b759f72ea4da3a468628083ccc) Importer(815301076,1909f56bfc062723c751e8b465ee728b)  -> (artifact id: '5f396504859b48697bda4b30dca3106e') in 0.116770 seconds
  Import took 0.128727 seconds .

========================================================================
Received Import Request.
  Time since last request: 15.632680 seconds.
  path: Assets/Textures/UI/crh.png
  artifactKey: Guid(de6064b759f72ea4da3a468628083ccc) Importer(815301076,1909f56bfc062723c751e8b465ee728b)
Start importing Assets/Textures/UI/crh.png using Guid(de6064b759f72ea4da3a468628083ccc) Importer(815301076,1909f56bfc062723c751e8b465ee728b)  -> (artifact id: '0ab61ca8a56b38ce814b9a0ec57d5267') in 0.087684 seconds
  Import took 0.097302 seconds .

========================================================================
Received Import Request.
  Time since last request: 0.027416 seconds.
  path: Assets/Textures/UI/crh.png
  artifactKey: Guid(de6064b759f72ea4da3a468628083ccc) Importer(815301076,1909f56bfc062723c751e8b465ee728b)
Start importing Assets/Textures/UI/crh.png using Guid(de6064b759f72ea4da3a468628083ccc) Importer(815301076,1909f56bfc062723c751e8b465ee728b)  -> (artifact id: '0ab61ca8a56b38ce814b9a0ec57d5267') in 0.159195 seconds
  Import took 0.166635 seconds .

========================================================================
Received Import Request.
  Time since last request: 41.771666 seconds.
  path: Assets/Textures/UI/crh.png
  artifactKey: Guid(de6064b759f72ea4da3a468628083ccc) Importer(815301076,1909f56bfc062723c751e8b465ee728b)
Start importing Assets/Textures/UI/crh.png using Guid(de6064b759f72ea4da3a468628083ccc) Importer(815301076,1909f56bfc062723c751e8b465ee728b)  -> (artifact id: '8cdd73eebab53c047be965dcc9fc0c3e') in 0.028346 seconds
  Import took 0.035593 seconds .

========================================================================
Received Import Request.
  Time since last request: 0.063643 seconds.
  path: Assets/Textures/UI/crh.png
  artifactKey: Guid(de6064b759f72ea4da3a468628083ccc) Importer(815301076,1909f56bfc062723c751e8b465ee728b)
Start importing Assets/Textures/UI/crh.png using Guid(de6064b759f72ea4da3a468628083ccc) Importer(815301076,1909f56bfc062723c751e8b465ee728b)  -> (artifact id: '8cdd73eebab53c047be965dcc9fc0c3e') in 0.021986 seconds
  Import took 0.027717 seconds .

========================================================================
Received Import Request.
  Time since last request: 40.237824 seconds.
  path: Assets/Textures/UI/crh 1.png
  artifactKey: Guid(348873e80764ebc469259795be83ab71) Importer(815301076,1909f56bfc062723c751e8b465ee728b)
Start importing Assets/Textures/UI/crh 1.png using Guid(348873e80764ebc469259795be83ab71) Importer(815301076,1909f56bfc062723c751e8b465ee728b)  -> (artifact id: 'ac264d264b54a8fda2934bceb95dee64') in 0.047892 seconds
  Import took 0.064334 seconds .

========================================================================
Received Import Request.
  Time since last request: 17.990683 seconds.
  path: Assets/Textures/UI/crh 1.png
  artifactKey: Guid(348873e80764ebc469259795be83ab71) Importer(815301076,1909f56bfc062723c751e8b465ee728b)
Start importing Assets/Textures/UI/crh 1.png using Guid(348873e80764ebc469259795be83ab71) Importer(815301076,1909f56bfc062723c751e8b465ee728b)  -> (artifact id: 'e22ee8e52f74e391d2fcc3e932727d83') in 0.044417 seconds
  Import took 0.052080 seconds .

========================================================================
Received Import Request.
  Time since last request: 0.042324 seconds.
  path: Assets/Textures/UI/crh 1.png
  artifactKey: Guid(348873e80764ebc469259795be83ab71) Importer(815301076,1909f56bfc062723c751e8b465ee728b)
Start importing Assets/Textures/UI/crh 1.png using Guid(348873e80764ebc469259795be83ab71) Importer(815301076,1909f56bfc062723c751e8b465ee728b)  -> (artifact id: 'e22ee8e52f74e391d2fcc3e932727d83') in 0.153781 seconds
  Import took 0.162743 seconds .

========================================================================
Received Import Request.
  Time since last request: 150.185871 seconds.
  path: Assets/Textures/UI/crh.png
  artifactKey: Guid(de6064b759f72ea4da3a468628083ccc) Importer(815301076,1909f56bfc062723c751e8b465ee728b)
Start importing Assets/Textures/UI/crh.png using Guid(de6064b759f72ea4da3a468628083ccc) Importer(815301076,1909f56bfc062723c751e8b465ee728b)  -> (artifact id: '77cd92c0e6fad4036e8c1fb45314c87e') in 0.083517 seconds
  Import took 0.095663 seconds .

========================================================================
Received Import Request.
  Time since last request: 13.867699 seconds.
  path: Assets/Textures/UI/crh.png
  artifactKey: Guid(de6064b759f72ea4da3a468628083ccc) Importer(815301076,1909f56bfc062723c751e8b465ee728b)
Start importing Assets/Textures/UI/crh.png using Guid(de6064b759f72ea4da3a468628083ccc) Importer(815301076,1909f56bfc062723c751e8b465ee728b)  -> (artifact id: '7243f00735f8401df7571579b2e4e939') in 0.053951 seconds
  Import took 0.062446 seconds .

========================================================================
Received Import Request.
  Time since last request: 0.056481 seconds.
  path: Assets/Textures/UI/crh.png
  artifactKey: Guid(de6064b759f72ea4da3a468628083ccc) Importer(815301076,1909f56bfc062723c751e8b465ee728b)
Start importing Assets/Textures/UI/crh.png using Guid(de6064b759f72ea4da3a468628083ccc) Importer(815301076,1909f56bfc062723c751e8b465ee728b)  -> (artifact id: '7243f00735f8401df7571579b2e4e939') in 0.038389 seconds
  Import took 0.048044 seconds .

========================================================================
Received Import Request.
  Time since last request: 11.611759 seconds.
  path: Assets/Textures/UI/crh.png
  artifactKey: Guid(de6064b759f72ea4da3a468628083ccc) Importer(815301076,1909f56bfc062723c751e8b465ee728b)
Start importing Assets/Textures/UI/crh.png using Guid(de6064b759f72ea4da3a468628083ccc) Importer(815301076,1909f56bfc062723c751e8b465ee728b)  -> (artifact id: 'bafed8db52b89cb331220c75c97c72c7') in 0.040370 seconds
  Import took 0.048784 seconds .

========================================================================
Received Import Request.
  Time since last request: 0.075368 seconds.
  path: Assets/Textures/UI/crh.png
  artifactKey: Guid(de6064b759f72ea4da3a468628083ccc) Importer(815301076,1909f56bfc062723c751e8b465ee728b)
Start importing Assets/Textures/UI/crh.png using Guid(de6064b759f72ea4da3a468628083ccc) Importer(815301076,1909f56bfc062723c751e8b465ee728b)  -> (artifact id: 'bafed8db52b89cb331220c75c97c72c7') in 0.050171 seconds
  Import took 0.058418 seconds .

========================================================================
Received Import Request.
  Time since last request: 122.752970 seconds.
  path: Assets/Textures/UI/crh 1.png
  artifactKey: Guid(348873e80764ebc469259795be83ab71) Importer(815301076,1909f56bfc062723c751e8b465ee728b)
Start importing Assets/Textures/UI/crh 1.png using Guid(348873e80764ebc469259795be83ab71) Importer(815301076,1909f56bfc062723c751e8b465ee728b)  -> (artifact id: '47a8c7c244905661a734fa1056ddf89e') in 0.077986 seconds
  Import took 0.092493 seconds .

========================================================================
Received Import Request.
  Time since last request: 11.664589 seconds.
  path: Assets/Textures/UI/crh 1.png
  artifactKey: Guid(348873e80764ebc469259795be83ab71) Importer(815301076,1909f56bfc062723c751e8b465ee728b)
Start importing Assets/Textures/UI/crh 1.png using Guid(348873e80764ebc469259795be83ab71) Importer(815301076,1909f56bfc062723c751e8b465ee728b)  -> (artifact id: 'f016bbfa54a6ac8c5c2198a109f00b40') in 0.048852 seconds
  Import took 0.067959 seconds .

========================================================================
Received Import Request.
  Time since last request: 0.061814 seconds.
  path: Assets/Textures/UI/crh 1.png
  artifactKey: Guid(348873e80764ebc469259795be83ab71) Importer(815301076,1909f56bfc062723c751e8b465ee728b)
Start importing Assets/Textures/UI/crh 1.png using Guid(348873e80764ebc469259795be83ab71) Importer(815301076,1909f56bfc062723c751e8b465ee728b)  -> (artifact id: 'f016bbfa54a6ac8c5c2198a109f00b40') in 0.132306 seconds
  Import took 0.138296 seconds .

========================================================================
Received Import Request.
  Time since last request: 14.659056 seconds.
  path: Assets/Textures/UI/crh 1.png
  artifactKey: Guid(348873e80764ebc469259795be83ab71) Importer(815301076,1909f56bfc062723c751e8b465ee728b)
Start importing Assets/Textures/UI/crh 1.png using Guid(348873e80764ebc469259795be83ab71) Importer(815301076,1909f56bfc062723c751e8b465ee728b)  -> (artifact id: 'a2578957837b1e502e6d68ec8c5660d5') in 0.038552 seconds
  Import took 0.047274 seconds .

========================================================================
Received Import Request.
  Time since last request: 0.050130 seconds.
  path: Assets/Textures/UI/crh 1.png
  artifactKey: Guid(348873e80764ebc469259795be83ab71) Importer(815301076,1909f56bfc062723c751e8b465ee728b)
Start importing Assets/Textures/UI/crh 1.png using Guid(348873e80764ebc469259795be83ab71) Importer(815301076,1909f56bfc062723c751e8b465ee728b)  -> (artifact id: 'a2578957837b1e502e6d68ec8c5660d5') in 0.149931 seconds
  Import took 0.157203 seconds .

========================================================================
Received Import Request.
  Time since last request: 167.752897 seconds.
  path: Assets/Textures/UI/—Pngtree—focus on aim crosshair icon_6442106.png
  artifactKey: Guid(33d4028484c8f284c976c2589b257b9a) Importer(815301076,1909f56bfc062723c751e8b465ee728b)
Start importing Assets/Textures/UI/—Pngtree—focus on aim crosshair icon_6442106.png using Guid(33d4028484c8f284c976c2589b257b9a) Importer(815301076,1909f56bfc062723c751e8b465ee728b)  -> (artifact id: 'bd462a4f27d45facccca069d15351390') in 0.131088 seconds
  Import took 0.141454 seconds .

========================================================================
Received Import Request.
  Time since last request: 14.625820 seconds.
  path: Assets/Textures/UI/—Pngtree—focus on aim crosshair icon_6442106.png
  artifactKey: Guid(33d4028484c8f284c976c2589b257b9a) Importer(815301076,1909f56bfc062723c751e8b465ee728b)
Start importing Assets/Textures/UI/—Pngtree—focus on aim crosshair icon_6442106.png using Guid(33d4028484c8f284c976c2589b257b9a) Importer(815301076,1909f56bfc062723c751e8b465ee728b)  -> (artifact id: '60e7a60bd387e9deb9b09259067a6f02') in 0.096830 seconds
  Import took 0.111890 seconds .

========================================================================
Received Import Request.
  Time since last request: 0.015785 seconds.
  path: Assets/Textures/UI/—Pngtree—focus on aim crosshair icon_6442106.png
  artifactKey: Guid(33d4028484c8f284c976c2589b257b9a) Importer(815301076,1909f56bfc062723c751e8b465ee728b)
Start importing Assets/Textures/UI/—Pngtree—focus on aim crosshair icon_6442106.png using Guid(33d4028484c8f284c976c2589b257b9a) Importer(815301076,1909f56bfc062723c751e8b465ee728b)  -> (artifact id: '60e7a60bd387e9deb9b09259067a6f02') in 0.126678 seconds
  Import took 0.134288 seconds .

========================================================================
Received Prepare
Registering precompiled user dll's ...
Registered in 0.013557 seconds.
Begin MonoManager ReloadAssembly
Native extension for WindowsStandalone target not found
Refreshing native plugins compatible for Editor in 1.86 ms, found 2 plugins.
Preloading 0 native plugins for Editor in 0.00 ms.
Mono: successfully reloaded assembly
- Completed reload, in  3.632 seconds
Platform modules already initialized, skipping
Switching build target platform(5) subTarget(0) extendedPlatform(0) -> platform(13) subTarget(589828) extendedPlatform(0)
Refreshing native plugins compatible for Editor in 1.58 ms, found 2 plugins.
Preloading 0 native plugins for Editor in 0.00 ms.
Unloading 2285 Unused Serialized files (Serialized files now loaded: 0)
System memory in use before: 114.1 MB.
System memory in use after: 114.3 MB.

Unloading 32 unused Assets to reduce memory usage. Loaded Objects now: 2839.
Total: 5.030800 ms (FindLiveObjects: 0.519700 ms CreateObjectMapping: 0.279500 ms MarkObjects: 4.143000 ms  DeleteObjects: 0.086600 ms)

AssetImportParameters requested are different than current active one (requested -> active):
  custom:graphics/normal-map-encoding: 01000000000000000000000000000000 -> 02000000000000000000000000000000
========================================================================
Received Import Request.
  Time since last request: 418.514917 seconds.
  path: Assets/Textures/UI/dlf.pt-crosshair-png-63804.png
  artifactKey: Guid(937f270f40ecda64f9a02eb1af9a42e3) Importer(815301076,1909f56bfc062723c751e8b465ee728b)
Start importing Assets/Textures/UI/dlf.pt-crosshair-png-63804.png using Guid(937f270f40ecda64f9a02eb1af9a42e3) Importer(815301076,1909f56bfc062723c751e8b465ee728b)  -> (artifact id: '3bad37694024788254c768b6e45c8dde') in 0.248209 seconds
  Import took 0.264892 seconds .

========================================================================
Received Import Request.
  Time since last request: 11.269637 seconds.
  path: Assets/Textures/UI/dlf.pt-crosshair-png-63804.png
  artifactKey: Guid(937f270f40ecda64f9a02eb1af9a42e3) Importer(815301076,1909f56bfc062723c751e8b465ee728b)
Start importing Assets/Textures/UI/dlf.pt-crosshair-png-63804.png using Guid(937f270f40ecda64f9a02eb1af9a42e3) Importer(815301076,1909f56bfc062723c751e8b465ee728b)  -> (artifact id: 'cbf3cc39e191695ab5d1c74ac03fa526') in 0.335321 seconds
  Import took 0.348093 seconds .

========================================================================
Received Prepare
Registering precompiled user dll's ...
Registered in 0.014528 seconds.
Begin MonoManager ReloadAssembly
Native extension for WindowsStandalone target not found
Refreshing native plugins compatible for Editor in 1.14 ms, found 2 plugins.
Preloading 0 native plugins for Editor in 0.00 ms.
Mono: successfully reloaded assembly
- Completed reload, in  3.596 seconds
Platform modules already initialized, skipping
Switching build target platform(5) subTarget(0) extendedPlatform(0) -> platform(13) subTarget(589828) extendedPlatform(0)
Refreshing native plugins compatible for Editor in 1.21 ms, found 2 plugins.
Preloading 0 native plugins for Editor in 0.00 ms.
Unloading 2285 Unused Serialized files (Serialized files now loaded: 0)
System memory in use before: 114.1 MB.
System memory in use after: 114.3 MB.

Unloading 32 unused Assets to reduce memory usage. Loaded Objects now: 2842.
Total: 4.786900 ms (FindLiveObjects: 0.370900 ms CreateObjectMapping: 0.186300 ms MarkObjects: 4.137500 ms  DeleteObjects: 0.090600 ms)

AssetImportParameters requested are different than current active one (requested -> active):
  custom:graphics/normal-map-encoding: 01000000000000000000000000000000 -> 02000000000000000000000000000000
========================================================================
Received Prepare
Registering precompiled user dll's ...
Registered in 0.012457 seconds.
Begin MonoManager ReloadAssembly
Native extension for WindowsStandalone target not found
Refreshing native plugins compatible for Editor in 1.29 ms, found 2 plugins.
Preloading 0 native plugins for Editor in 0.00 ms.
Mono: successfully reloaded assembly
- Completed reload, in  2.644 seconds
Platform modules already initialized, skipping
Switching build target platform(5) subTarget(0) extendedPlatform(0) -> platform(13) subTarget(589828) extendedPlatform(0)
Refreshing native plugins compatible for Editor in 1.78 ms, found 2 plugins.
Preloading 0 native plugins for Editor in 0.00 ms.
Unloading 2285 Unused Serialized files (Serialized files now loaded: 0)
System memory in use before: 114.1 MB.
System memory in use after: 114.3 MB.

Unloading 32 unused Assets to reduce memory usage. Loaded Objects now: 2844.
Total: 5.341200 ms (FindLiveObjects: 1.185900 ms CreateObjectMapping: 0.413400 ms MarkObjects: 3.654700 ms  DeleteObjects: 0.084600 ms)

AssetImportParameters requested are different than current active one (requested -> active):
  custom:graphics/normal-map-encoding: 01000000000000000000000000000000 -> 02000000000000000000000000000000
========================================================================
Received Prepare
Refreshing native plugins compatible for Editor in 33.97 ms, found 2 plugins.
Preloading 0 native plugins for Editor in 0.00 ms.
Unloading 29 Unused Serialized files (Serialized files now loaded: 0)
System memory in use before: 69.8 MB.
System memory in use after: 70.0 MB.

Unloading 29 unused Assets to reduce memory usage. Loaded Objects now: 2844.
Total: 10.453000 ms (FindLiveObjects: 1.106700 ms CreateObjectMapping: 0.648700 ms MarkObjects: 8.566500 ms  DeleteObjects: 0.128900 ms)

AssetImportWorkerClient::OnTransportError - code=2 error=End of file
